INFO - 2024-12-31 05:43:22 --> Session: Class initialized using 'CodeIgniter\Session\Handlers\FileHandler' driver.
INFO - 2024-12-31 05:43:22 --> Session: Class initialized using 'CodeIgniter\Session\Handlers\FileHandler' driver.
INFO - 2024-12-31 05:43:28 --> Session: Class initialized using 'CodeIgniter\Session\Handlers\FileHandler' driver.
INFO - 2024-12-31 05:43:29 --> Session: Class initialized using 'CodeIgniter\Session\Handlers\FileHandler' driver.
INFO - 2024-12-31 05:43:32 --> Session: Class initialized using 'CodeIgniter\Session\Handlers\FileHandler' driver.
INFO - 2024-12-31 05:43:41 --> Session: Class initialized using 'CodeIgniter\Session\Handlers\FileHandler' driver.
ERROR - 2024-12-31 05:50:33 --> mysqli_sql_exception: Duplicate column name 'whatsapp_number' in C:\xampp\htdocs\cart-ci\system\Database\MySQLi\Connection.php:312
Stack trace:
#0 C:\xampp\htdocs\cart-ci\system\Database\MySQLi\Connection.php(312): mysqli->query('ALTER TABLE `us...', 0)
#1 C:\xampp\htdocs\cart-ci\system\Database\BaseConnection.php(734): CodeIgniter\Database\MySQLi\Connection->execute('ALTER TABLE `us...')
#2 C:\xampp\htdocs\cart-ci\system\Database\BaseConnection.php(648): CodeIgniter\Database\BaseConnection->simpleQuery('ALTER TABLE `us...')
#3 C:\xampp\htdocs\cart-ci\system\Database\Forge.php(772): CodeIgniter\Database\BaseConnection->query('ALTER TABLE `us...')
#4 C:\xampp\htdocs\cart-ci\app\Database\Migrations\2024-12-25-034354_AddProfilePictureToUsers.php(11): CodeIgniter\Database\Forge->addColumn('users', Array)
#5 C:\xampp\htdocs\cart-ci\system\Database\MigrationRunner.php(867): App\Database\Migrations\AddWhatsappNumberToUsers->up()
#6 C:\xampp\htdocs\cart-ci\system\Database\MigrationRunner.php(183): CodeIgniter\Database\MigrationRunner->migrate('up', Object(stdClass))
#7 C:\xampp\htdocs\cart-ci\system\Commands\Database\Migrate.php(85): CodeIgniter\Database\MigrationRunner->latest(NULL)
#8 C:\xampp\htdocs\cart-ci\system\CLI\Commands.php(70): CodeIgniter\Commands\Database\Migrate->run(Array)
#9 C:\xampp\htdocs\cart-ci\system\CLI\Console.php(48): CodeIgniter\CLI\Commands->run('migrate', Array)
#10 C:\xampp\htdocs\cart-ci\system\Boot.php(351): CodeIgniter\CLI\Console->run()
#11 C:\xampp\htdocs\cart-ci\system\Boot.php(104): CodeIgniter\Boot::runCommand(Object(CodeIgniter\CLI\Console))
#12 C:\xampp\htdocs\cart-ci\spark(84): CodeIgniter\Boot::bootSpark(Object(Config\Paths))
#13 {main}
ERROR - 2024-12-31 05:51:10 --> mysqli_sql_exception: Duplicate column name 'whatsapp_number' in C:\xampp\htdocs\cart-ci\system\Database\MySQLi\Connection.php:312
Stack trace:
#0 C:\xampp\htdocs\cart-ci\system\Database\MySQLi\Connection.php(312): mysqli->query('ALTER TABLE `us...', 0)
#1 C:\xampp\htdocs\cart-ci\system\Database\BaseConnection.php(734): CodeIgniter\Database\MySQLi\Connection->execute('ALTER TABLE `us...')
#2 C:\xampp\htdocs\cart-ci\system\Database\BaseConnection.php(648): CodeIgniter\Database\BaseConnection->simpleQuery('ALTER TABLE `us...')
#3 C:\xampp\htdocs\cart-ci\system\Database\Forge.php(772): CodeIgniter\Database\BaseConnection->query('ALTER TABLE `us...')
#4 C:\xampp\htdocs\cart-ci\app\Database\Migrations\2024-12-25-034354_AddProfilePictureToUsers.php(11): CodeIgniter\Database\Forge->addColumn('users', Array)
#5 C:\xampp\htdocs\cart-ci\system\Database\MigrationRunner.php(867): App\Database\Migrations\AddWhatsappNumberToUsers->up()
#6 C:\xampp\htdocs\cart-ci\system\Database\MigrationRunner.php(183): CodeIgniter\Database\MigrationRunner->migrate('up', Object(stdClass))
#7 C:\xampp\htdocs\cart-ci\system\Commands\Database\Migrate.php(85): CodeIgniter\Database\MigrationRunner->latest(NULL)
#8 C:\xampp\htdocs\cart-ci\system\CLI\Commands.php(70): CodeIgniter\Commands\Database\Migrate->run(Array)
#9 C:\xampp\htdocs\cart-ci\system\CLI\Console.php(48): CodeIgniter\CLI\Commands->run('migrate', Array)
#10 C:\xampp\htdocs\cart-ci\system\Boot.php(351): CodeIgniter\CLI\Console->run()
#11 C:\xampp\htdocs\cart-ci\system\Boot.php(104): CodeIgniter\Boot::runCommand(Object(CodeIgniter\CLI\Console))
#12 C:\xampp\htdocs\cart-ci\spark(84): CodeIgniter\Boot::bootSpark(Object(Config\Paths))
#13 {main}
ERROR - 2024-12-31 05:52:59 --> mysqli_sql_exception: Duplicate column name 'whatsapp_number' in C:\xampp\htdocs\cart-ci\system\Database\MySQLi\Connection.php:312
Stack trace:
#0 C:\xampp\htdocs\cart-ci\system\Database\MySQLi\Connection.php(312): mysqli->query('ALTER TABLE `us...', 0)
#1 C:\xampp\htdocs\cart-ci\system\Database\BaseConnection.php(734): CodeIgniter\Database\MySQLi\Connection->execute('ALTER TABLE `us...')
#2 C:\xampp\htdocs\cart-ci\system\Database\BaseConnection.php(648): CodeIgniter\Database\BaseConnection->simpleQuery('ALTER TABLE `us...')
#3 C:\xampp\htdocs\cart-ci\system\Database\Forge.php(772): CodeIgniter\Database\BaseConnection->query('ALTER TABLE `us...')
#4 C:\xampp\htdocs\cart-ci\app\Database\Migrations\2024-12-25-034354_AddProfilePictureToUsers.php(11): CodeIgniter\Database\Forge->addColumn('users', Array)
#5 C:\xampp\htdocs\cart-ci\system\Database\MigrationRunner.php(867): App\Database\Migrations\AddWhatsappNumberToUsers->up()
#6 C:\xampp\htdocs\cart-ci\system\Database\MigrationRunner.php(183): CodeIgniter\Database\MigrationRunner->migrate('up', Object(stdClass))
#7 C:\xampp\htdocs\cart-ci\system\Commands\Database\Migrate.php(85): CodeIgniter\Database\MigrationRunner->latest(NULL)
#8 C:\xampp\htdocs\cart-ci\system\CLI\Commands.php(70): CodeIgniter\Commands\Database\Migrate->run(Array)
#9 C:\xampp\htdocs\cart-ci\system\CLI\Console.php(48): CodeIgniter\CLI\Commands->run('migrate', Array)
#10 C:\xampp\htdocs\cart-ci\system\Boot.php(351): CodeIgniter\CLI\Console->run()
#11 C:\xampp\htdocs\cart-ci\system\Boot.php(104): CodeIgniter\Boot::runCommand(Object(CodeIgniter\CLI\Console))
#12 C:\xampp\htdocs\cart-ci\spark(84): CodeIgniter\Boot::bootSpark(Object(Config\Paths))
#13 {main}
ERROR - 2024-12-31 05:53:06 --> mysqli_sql_exception: Duplicate column name 'whatsapp_number' in C:\xampp\htdocs\cart-ci\system\Database\MySQLi\Connection.php:312
Stack trace:
#0 C:\xampp\htdocs\cart-ci\system\Database\MySQLi\Connection.php(312): mysqli->query('ALTER TABLE `us...', 0)
#1 C:\xampp\htdocs\cart-ci\system\Database\BaseConnection.php(734): CodeIgniter\Database\MySQLi\Connection->execute('ALTER TABLE `us...')
#2 C:\xampp\htdocs\cart-ci\system\Database\BaseConnection.php(648): CodeIgniter\Database\BaseConnection->simpleQuery('ALTER TABLE `us...')
#3 C:\xampp\htdocs\cart-ci\system\Database\Forge.php(772): CodeIgniter\Database\BaseConnection->query('ALTER TABLE `us...')
#4 C:\xampp\htdocs\cart-ci\app\Database\Migrations\2024-12-25-034354_AddProfilePictureToUsers.php(11): CodeIgniter\Database\Forge->addColumn('users', Array)
#5 C:\xampp\htdocs\cart-ci\system\Database\MigrationRunner.php(867): App\Database\Migrations\AddWhatsappNumberToUsers->up()
#6 C:\xampp\htdocs\cart-ci\system\Database\MigrationRunner.php(183): CodeIgniter\Database\MigrationRunner->migrate('up', Object(stdClass))
#7 C:\xampp\htdocs\cart-ci\system\Commands\Database\Migrate.php(85): CodeIgniter\Database\MigrationRunner->latest(NULL)
#8 C:\xampp\htdocs\cart-ci\system\CLI\Commands.php(70): CodeIgniter\Commands\Database\Migrate->run(Array)
#9 C:\xampp\htdocs\cart-ci\system\CLI\Console.php(48): CodeIgniter\CLI\Commands->run('migrate', Array)
#10 C:\xampp\htdocs\cart-ci\system\Boot.php(351): CodeIgniter\CLI\Console->run()
#11 C:\xampp\htdocs\cart-ci\system\Boot.php(104): CodeIgniter\Boot::runCommand(Object(CodeIgniter\CLI\Console))
#12 C:\xampp\htdocs\cart-ci\spark(84): CodeIgniter\Boot::bootSpark(Object(Config\Paths))
#13 {main}
